2025-10-08 10:17:31,888 - __main__ - INFO - Starting Antenna Pattern Analyzer GUI
2025-10-08 10:17:49,670 - antenna_pattern.gui.swe_worker - INFO - SWE worker thread started
2025-10-08 10:17:49,670 - antenna_pattern.spherical_expansion - INFO - Estimated antenna radius from beamwidth (11.0 deg):
2025-10-08 10:17:49,670 - antenna_pattern.spherical_expansion - INFO -   Aperture diameter: 0.2037 m (6.3 lambda)
2025-10-08 10:17:49,670 - antenna_pattern.spherical_expansion - INFO -   Minimum sphere radius: 0.3055 m (9.4 lambda)
2025-10-08 10:17:49,670 - antenna_pattern.spherical_expansion - INFO - 
======================================================================
2025-10-08 10:17:49,670 - antenna_pattern.spherical_expansion - INFO - ADAPTIVE SPHERICAL WAVE EXPANSION
2025-10-08 10:17:49,670 - antenna_pattern.spherical_expansion - INFO - ======================================================================
2025-10-08 10:17:49,670 - antenna_pattern.spherical_expansion - INFO - Initial radius: 0.3055 m (9.4 lambda)
2025-10-08 10:17:49,670 - antenna_pattern.spherical_expansion - INFO - 
======================================================================
2025-10-08 10:17:49,670 - antenna_pattern.spherical_expansion - INFO - ITERATION 1: r0 = 0.3055 m (9.4 lambda)
2025-10-08 10:17:49,670 - antenna_pattern.spherical_expansion - INFO - ======================================================================
2025-10-08 10:17:49,670 - antenna_pattern.spherical_expansion - INFO - 
======================================================================
2025-10-08 10:17:49,670 - antenna_pattern.spherical_expansion - INFO - Q-COEFFICIENT CALCULATION
2025-10-08 10:17:49,670 - antenna_pattern.spherical_expansion - INFO - ======================================================================
2025-10-08 10:17:49,670 - antenna_pattern.spherical_expansion - INFO - Frequency: 9.200 GHz (lambda = 32.59 mm)
2025-10-08 10:17:49,670 - antenna_pattern.spherical_expansion - INFO - Radius: 0.3055 m (9.4 lambda)
2025-10-08 10:17:49,670 - antenna_pattern.spherical_expansion - INFO - Mode indices: N = 72, M = 72
2025-10-08 10:17:49,670 - antenna_pattern.spherical_expansion - INFO - Preparing pattern for SWE...
2025-10-08 10:17:49,670 - antenna_pattern.spherical_expansion - INFO -   Converting central pattern [-45.0deg, 45.0deg] to sided
2025-10-08 10:17:49,684 - antenna_pattern.spherical_expansion - INFO -   Extending from theta=[0.0deg, 45.0deg] to full sphere
2025-10-08 10:17:49,692 - antenna_pattern.spherical_expansion - INFO - 
Sampling analysis for N=72:
2025-10-08 10:17:49,692 - antenna_pattern.spherical_expansion - INFO -   Required: dtheta <= 1.25°, dphi <= 2.50°
2025-10-08 10:17:49,692 - antenna_pattern.spherical_expansion - INFO -   Current:  dtheta = 0.99°, dphi = 2.00°
2025-10-08 10:17:49,692 - antenna_pattern.spherical_expansion - INFO -   Oversample factors: theta=0.79x, phi=0.80x
2025-10-08 10:17:49,692 - antenna_pattern.spherical_expansion - INFO -   OK Current sampling is optimal (close to Nyquist)
2025-10-08 10:17:49,692 - antenna_pattern.spherical_expansion - INFO - Fast computing Legendre polynomials (N=72, M=72)...
2025-10-08 10:18:02,233 - antenna_pattern.spherical_expansion - INFO -   Cached 200/2700 modes...
2025-10-08 10:18:14,750 - antenna_pattern.spherical_expansion - INFO -   Cached 400/2700 modes...
2025-10-08 10:20:12,158 - __main__ - INFO - Starting Antenna Pattern Analyzer GUI
2025-10-08 10:20:35,067 - antenna_pattern.gui.swe_worker - INFO - SWE worker thread started
2025-10-08 10:20:35,067 - antenna_pattern.spherical_expansion - INFO - Estimated antenna radius from beamwidth (11.0 deg):
2025-10-08 10:20:35,067 - antenna_pattern.spherical_expansion - INFO -   Aperture diameter: 0.2037 m (6.3 lambda)
2025-10-08 10:20:35,067 - antenna_pattern.spherical_expansion - INFO -   Minimum sphere radius: 0.3055 m (9.4 lambda)
2025-10-08 10:20:35,067 - antenna_pattern.spherical_expansion - INFO - 
======================================================================
2025-10-08 10:20:35,067 - antenna_pattern.spherical_expansion - INFO - ADAPTIVE SPHERICAL WAVE EXPANSION
2025-10-08 10:20:35,077 - antenna_pattern.spherical_expansion - INFO - ======================================================================
2025-10-08 10:20:35,077 - antenna_pattern.spherical_expansion - INFO - Initial radius: 0.3055 m (9.4 lambda)
2025-10-08 10:20:35,078 - antenna_pattern.spherical_expansion - INFO - 
======================================================================
2025-10-08 10:20:35,078 - antenna_pattern.spherical_expansion - INFO - ITERATION 1: r0 = 0.3055 m (9.4 lambda)
2025-10-08 10:20:35,078 - antenna_pattern.spherical_expansion - INFO - ======================================================================
2025-10-08 10:20:35,078 - antenna_pattern.spherical_expansion - INFO - 
======================================================================
2025-10-08 10:20:35,078 - antenna_pattern.spherical_expansion - INFO - Q-COEFFICIENT CALCULATION
2025-10-08 10:20:35,078 - antenna_pattern.spherical_expansion - INFO - ======================================================================
2025-10-08 10:20:35,078 - antenna_pattern.spherical_expansion - INFO - Frequency: 9.200 GHz (lambda = 32.59 mm)
2025-10-08 10:20:35,078 - antenna_pattern.spherical_expansion - INFO - Radius: 0.3055 m (9.4 lambda)
2025-10-08 10:20:35,078 - antenna_pattern.spherical_expansion - INFO - Mode indices: N = 72, M = 72
2025-10-08 10:20:35,078 - antenna_pattern.spherical_expansion - INFO - Preparing pattern for SWE...
2025-10-08 10:20:35,078 - antenna_pattern.spherical_expansion - INFO -   Converting central pattern [-45.0deg, 45.0deg] to sided
2025-10-08 10:20:35,086 - antenna_pattern.spherical_expansion - INFO -   Extending from theta=[0.0deg, 45.0deg] to full sphere
2025-10-08 10:20:35,096 - antenna_pattern.spherical_expansion - INFO - 
Sampling analysis for N=72:
2025-10-08 10:20:35,096 - antenna_pattern.spherical_expansion - INFO -   Required: dtheta <= 1.25°, dphi <= 2.50°
2025-10-08 10:20:35,096 - antenna_pattern.spherical_expansion - INFO -   Current:  dtheta = 0.99°, dphi = 2.00°
2025-10-08 10:20:35,096 - antenna_pattern.spherical_expansion - INFO -   Oversample factors: theta=0.79x, phi=0.80x
2025-10-08 10:20:35,096 - antenna_pattern.spherical_expansion - INFO -   OK Current sampling is optimal (close to Nyquist)
2025-10-08 10:20:35,097 - antenna_pattern.spherical_expansion - INFO - Fast computing Legendre polynomials (N=72, M=72)...
2025-10-08 10:20:47,752 - antenna_pattern.spherical_expansion - INFO -   Cached 200/2700 modes...
2025-10-08 10:21:00,307 - antenna_pattern.spherical_expansion - INFO -   Cached 400/2700 modes...
2025-10-08 10:21:12,826 - antenna_pattern.spherical_expansion - INFO -   Cached 600/2700 modes...
2025-10-08 10:21:25,456 - antenna_pattern.spherical_expansion - INFO -   Cached 800/2700 modes...
2025-10-08 10:21:37,803 - antenna_pattern.spherical_expansion - INFO -   Cached 1000/2700 modes...
2025-10-08 10:21:50,033 - antenna_pattern.spherical_expansion - INFO -   Cached 1200/2700 modes...
2025-10-08 10:22:02,199 - antenna_pattern.spherical_expansion - INFO -   Cached 1400/2700 modes...
2025-10-08 10:22:14,212 - antenna_pattern.spherical_expansion - INFO -   Cached 1600/2700 modes...
2025-10-08 10:22:26,063 - antenna_pattern.spherical_expansion - INFO -   Cached 1800/2700 modes...
2025-10-08 10:22:37,759 - antenna_pattern.spherical_expansion - INFO -   Cached 2000/2700 modes...
2025-10-08 10:22:49,125 - antenna_pattern.spherical_expansion - INFO -   Cached 2200/2700 modes...
2025-10-08 10:23:00,347 - antenna_pattern.spherical_expansion - INFO -   Cached 2400/2700 modes...
2025-10-08 10:23:11,752 - antenna_pattern.spherical_expansion - INFO -   Cached 2600/2700 modes...
2025-10-08 10:23:17,299 - antenna_pattern.spherical_expansion - INFO -   Cached 2700/2700 modes...
2025-10-08 10:23:17,299 - antenna_pattern.spherical_expansion - INFO - OK Cached 2700 Legendre polynomial pairs
2025-10-08 10:23:17,299 - antenna_pattern.spherical_expansion - INFO - Pre-computing spherical Hankel functions...
2025-10-08 10:23:17,312 - antenna_pattern.spherical_expansion - INFO - Extracting mode coefficients...
2025-10-08 10:23:17,479 - antenna_pattern.spherical_expansion - INFO -   Processed modes up to n=10 (120/10656)
2025-10-08 10:23:17,885 - antenna_pattern.spherical_expansion - INFO -   Processed modes up to n=20 (440/10656)
2025-10-08 10:23:18,567 - antenna_pattern.spherical_expansion - INFO -   Processed modes up to n=30 (960/10656)
2025-10-08 10:23:19,517 - antenna_pattern.spherical_expansion - INFO -   Processed modes up to n=40 (1680/10656)
2025-10-08 10:23:20,694 - antenna_pattern.spherical_expansion - INFO -   Processed modes up to n=50 (2600/10656)
2025-10-08 10:23:22,183 - antenna_pattern.spherical_expansion - INFO -   Processed modes up to n=60 (3720/10656)
2025-10-08 10:23:23,939 - antenna_pattern.spherical_expansion - INFO -   Processed modes up to n=70 (5040/10656)
2025-10-08 10:23:24,330 - antenna_pattern.spherical_expansion - INFO -   Processed modes up to n=72 (5328/10656)
2025-10-08 10:23:24,477 - antenna_pattern.spherical_expansion - INFO -   Processed modes up to n=10 (5448/10656)
2025-10-08 10:23:24,850 - antenna_pattern.spherical_expansion - INFO -   Processed modes up to n=20 (5768/10656)
2025-10-08 10:23:25,550 - antenna_pattern.spherical_expansion - INFO -   Processed modes up to n=30 (6288/10656)
2025-10-08 10:23:26,392 - antenna_pattern.spherical_expansion - INFO -   Processed modes up to n=40 (7008/10656)
2025-10-08 10:23:27,513 - antenna_pattern.spherical_expansion - INFO -   Processed modes up to n=50 (7928/10656)
2025-10-08 10:23:28,832 - antenna_pattern.spherical_expansion - INFO -   Processed modes up to n=60 (9048/10656)
2025-10-08 10:23:30,368 - antenna_pattern.spherical_expansion - INFO -   Processed modes up to n=70 (10368/10656)
2025-10-08 10:23:30,717 - antenna_pattern.spherical_expansion - INFO -   Processed modes up to n=72 (10656/10656)
2025-10-08 10:23:30,721 - antenna_pattern.spherical_expansion - INFO - 
Mode power distribution (first 10):
2025-10-08 10:23:30,721 - antenna_pattern.spherical_expansion - INFO -   n= 1: 3.807260e-07 ( 0.33%)
2025-10-08 10:23:30,722 - antenna_pattern.spherical_expansion - INFO -   n= 2: 1.021711e-06 ( 0.88%)
2025-10-08 10:23:30,722 - antenna_pattern.spherical_expansion - INFO -   n= 3: 1.921196e-06 ( 1.66%)
2025-10-08 10:23:30,722 - antenna_pattern.spherical_expansion - INFO -   n= 4: 3.069437e-06 ( 2.65%)
2025-10-08 10:23:30,722 - antenna_pattern.spherical_expansion - INFO -   n= 5: 4.357027e-06 ( 3.76%)
2025-10-08 10:23:30,722 - antenna_pattern.spherical_expansion - INFO -   n= 6: 5.642450e-06 ( 4.87%)
2025-10-08 10:23:30,722 - antenna_pattern.spherical_expansion - INFO -   n= 7: 6.865040e-06 ( 5.93%)
2025-10-08 10:23:30,722 - antenna_pattern.spherical_expansion - INFO -   n= 8: 7.949850e-06 ( 6.87%)
2025-10-08 10:23:30,722 - antenna_pattern.spherical_expansion - INFO -   n= 9: 8.705203e-06 ( 7.52%)
2025-10-08 10:23:30,722 - antenna_pattern.spherical_expansion - INFO -   n=10: 8.979707e-06 ( 7.76%)
2025-10-08 10:23:30,722 - antenna_pattern.spherical_expansion - INFO - 
Total power: 1.157546e-04
2025-10-08 10:23:30,722 - antenna_pattern.spherical_expansion - INFO - Power in first 10 modes: 42.2%
2025-10-08 10:23:30,722 - antenna_pattern.spherical_expansion - INFO - Power in last 10 modes: 0.5%
2025-10-08 10:23:30,722 - antenna_pattern.spherical_expansion - INFO - ======================================================================

2025-10-08 10:23:30,815 - antenna_pattern.spherical_expansion - INFO -   Power check: first 10 modes=42.2%, last 7 modes=0.4%
2025-10-08 10:23:30,816 - antenna_pattern.spherical_expansion - INFO - 
Convergence check:
2025-10-08 10:23:30,816 - antenna_pattern.spherical_expansion - INFO -   High-mode power fraction: 0.4%
2025-10-08 10:23:30,817 - antenna_pattern.spherical_expansion - INFO -   Threshold: 1.0%
2025-10-08 10:23:30,817 - antenna_pattern.spherical_expansion - INFO -   OK CONVERGED - Power distribution is good!
2025-10-08 10:23:30,817 - antenna_pattern.spherical_expansion - INFO - 
======================================================================
2025-10-08 10:23:30,817 - antenna_pattern.spherical_expansion - INFO - FINAL RESULTS
2025-10-08 10:23:30,817 - antenna_pattern.spherical_expansion - INFO - ======================================================================
2025-10-08 10:23:30,817 - antenna_pattern.spherical_expansion - INFO - Final radius: 0.3055 m (9.4 lambda)
2025-10-08 10:23:30,817 - antenna_pattern.spherical_expansion - INFO - Modes: N = 36 (from 72), M = 36
2025-10-08 10:23:30,817 - antenna_pattern.spherical_expansion - INFO - Power retained: 99.07%
2025-10-08 10:23:30,817 - antenna_pattern.spherical_expansion - INFO - Iterations: 1
2025-10-08 10:23:30,817 - antenna_pattern.spherical_expansion - INFO - Converged: Yes
2025-10-08 10:23:30,817 - antenna_pattern.spherical_expansion - INFO - ======================================================================

2025-10-08 10:23:30,817 - antenna_pattern.spherical_expansion - INFO - Added SWE coefficients to pattern for f=9.200 GHz
2025-10-08 10:23:30,817 - antenna_pattern.gui.swe_worker - INFO - SWE calculation complete
2025-10-08 10:23:59,068 - antenna_pattern.spherical_expansion - INFO - Evaluating field at 8281 points using 5256 modes...
2025-10-08 10:24:34,213 - antenna_pattern.spherical_expansion - INFO - Field evaluation complete
2025-10-08 10:28:20,219 - __main__ - INFO - Starting Antenna Pattern Analyzer GUI
2025-10-08 10:28:54,337 - antenna_pattern.gui.swe_worker - INFO - SWE worker thread started
2025-10-08 10:28:54,337 - antenna_pattern.spherical_expansion - INFO - Estimated antenna radius from beamwidth (11.0 deg):
2025-10-08 10:28:54,337 - antenna_pattern.spherical_expansion - INFO -   Aperture diameter: 0.2037 m (6.3 lambda)
2025-10-08 10:28:54,337 - antenna_pattern.spherical_expansion - INFO -   Minimum sphere radius: 0.3055 m (9.4 lambda)
2025-10-08 10:28:54,337 - antenna_pattern.spherical_expansion - INFO - 
======================================================================
2025-10-08 10:28:54,337 - antenna_pattern.spherical_expansion - INFO - ADAPTIVE SPHERICAL WAVE EXPANSION
2025-10-08 10:28:54,337 - antenna_pattern.spherical_expansion - INFO - ======================================================================
2025-10-08 10:28:54,337 - antenna_pattern.spherical_expansion - INFO - Initial radius: 0.3055 m (9.4 lambda)
2025-10-08 10:28:54,337 - antenna_pattern.spherical_expansion - INFO - 
======================================================================
2025-10-08 10:28:54,337 - antenna_pattern.spherical_expansion - INFO - ITERATION 1: r0 = 0.3055 m (9.4 lambda)
2025-10-08 10:28:54,337 - antenna_pattern.spherical_expansion - INFO - ======================================================================
2025-10-08 10:28:54,337 - antenna_pattern.spherical_expansion - INFO - 
======================================================================
2025-10-08 10:28:54,337 - antenna_pattern.spherical_expansion - INFO - Q-COEFFICIENT CALCULATION
2025-10-08 10:28:54,337 - antenna_pattern.spherical_expansion - INFO - ======================================================================
2025-10-08 10:28:54,337 - antenna_pattern.spherical_expansion - INFO - Frequency: 9.200 GHz (lambda = 32.59 mm)
2025-10-08 10:28:54,337 - antenna_pattern.spherical_expansion - INFO - Radius: 0.3055 m (9.4 lambda)
2025-10-08 10:28:54,337 - antenna_pattern.spherical_expansion - INFO - Mode indices: N = 72, M = 72
2025-10-08 10:28:54,337 - antenna_pattern.spherical_expansion - INFO - Preparing pattern for SWE...
2025-10-08 10:28:54,337 - antenna_pattern.spherical_expansion - INFO -   Converting central pattern [-45.0deg, 45.0deg] to sided
2025-10-08 10:28:54,351 - antenna_pattern.spherical_expansion - INFO -   Extending from theta=[0.0deg, 45.0deg] to full sphere
2025-10-08 10:28:54,357 - antenna_pattern.spherical_expansion - INFO - 
Sampling analysis for N=72:
2025-10-08 10:28:54,358 - antenna_pattern.spherical_expansion - INFO -   Required: dtheta <= 1.25°, dphi <= 2.50°
2025-10-08 10:28:54,358 - antenna_pattern.spherical_expansion - INFO -   Current:  dtheta = 0.99°, dphi = 2.00°
2025-10-08 10:28:54,358 - antenna_pattern.spherical_expansion - INFO -   Oversample factors: theta=0.79x, phi=0.80x
2025-10-08 10:28:54,358 - antenna_pattern.spherical_expansion - INFO -   OK Current sampling is optimal (close to Nyquist)
2025-10-08 10:28:54,359 - antenna_pattern.spherical_expansion - INFO - Fast computing Legendre polynomials (N=72, M=72)...
2025-10-08 10:29:06,656 - antenna_pattern.spherical_expansion - INFO -   Cached 200/2700 modes...
2025-10-08 10:29:18,695 - antenna_pattern.spherical_expansion - INFO -   Cached 400/2700 modes...
2025-10-08 10:29:30,655 - antenna_pattern.spherical_expansion - INFO -   Cached 600/2700 modes...
2025-10-08 10:29:42,872 - antenna_pattern.spherical_expansion - INFO -   Cached 800/2700 modes...
2025-10-08 10:29:54,927 - antenna_pattern.spherical_expansion - INFO -   Cached 1000/2700 modes...
2025-10-08 10:30:06,831 - antenna_pattern.spherical_expansion - INFO -   Cached 1200/2700 modes...
2025-10-08 10:30:18,676 - antenna_pattern.spherical_expansion - INFO -   Cached 1400/2700 modes...
2025-10-08 10:30:30,510 - antenna_pattern.spherical_expansion - INFO -   Cached 1600/2700 modes...
2025-10-08 10:30:42,376 - antenna_pattern.spherical_expansion - INFO -   Cached 1800/2700 modes...
2025-10-08 10:30:54,104 - antenna_pattern.spherical_expansion - INFO -   Cached 2000/2700 modes...
2025-10-08 10:31:05,518 - antenna_pattern.spherical_expansion - INFO -   Cached 2200/2700 modes...
2025-10-08 10:31:16,730 - antenna_pattern.spherical_expansion - INFO -   Cached 2400/2700 modes...
2025-10-08 10:31:27,639 - antenna_pattern.spherical_expansion - INFO -   Cached 2600/2700 modes...
2025-10-08 10:31:32,912 - antenna_pattern.spherical_expansion - INFO -   Cached 2700/2700 modes...
2025-10-08 10:31:32,912 - antenna_pattern.spherical_expansion - INFO - OK Cached 2700 Legendre polynomial pairs
2025-10-08 10:31:32,912 - antenna_pattern.spherical_expansion - INFO - Pre-computing spherical Hankel functions...
2025-10-08 10:31:32,912 - antenna_pattern.spherical_expansion - INFO - Extracting mode coefficients...
2025-10-08 10:31:33,073 - antenna_pattern.spherical_expansion - INFO -   Processed modes up to n=10 (120/10656)
2025-10-08 10:31:33,453 - antenna_pattern.spherical_expansion - INFO -   Processed modes up to n=20 (440/10656)
2025-10-08 10:31:34,083 - antenna_pattern.spherical_expansion - INFO -   Processed modes up to n=30 (960/10656)
2025-10-08 10:31:34,951 - antenna_pattern.spherical_expansion - INFO -   Processed modes up to n=40 (1680/10656)
2025-10-08 10:31:36,064 - antenna_pattern.spherical_expansion - INFO -   Processed modes up to n=50 (2600/10656)
2025-10-08 10:31:37,419 - antenna_pattern.spherical_expansion - INFO -   Processed modes up to n=60 (3720/10656)
2025-10-08 10:31:39,038 - antenna_pattern.spherical_expansion - INFO -   Processed modes up to n=70 (5040/10656)
2025-10-08 10:31:39,382 - antenna_pattern.spherical_expansion - INFO -   Processed modes up to n=72 (5328/10656)
2025-10-08 10:31:39,512 - antenna_pattern.spherical_expansion - INFO -   Processed modes up to n=10 (5448/10656)
2025-10-08 10:31:39,870 - antenna_pattern.spherical_expansion - INFO -   Processed modes up to n=20 (5768/10656)
2025-10-08 10:31:40,457 - antenna_pattern.spherical_expansion - INFO -   Processed modes up to n=30 (6288/10656)
2025-10-08 10:31:41,247 - antenna_pattern.spherical_expansion - INFO -   Processed modes up to n=40 (7008/10656)
2025-10-08 10:31:42,304 - antenna_pattern.spherical_expansion - INFO -   Processed modes up to n=50 (7928/10656)
2025-10-08 10:31:43,553 - antenna_pattern.spherical_expansion - INFO -   Processed modes up to n=60 (9048/10656)
2025-10-08 10:31:45,015 - antenna_pattern.spherical_expansion - INFO -   Processed modes up to n=70 (10368/10656)
2025-10-08 10:31:45,336 - antenna_pattern.spherical_expansion - INFO -   Processed modes up to n=72 (10656/10656)
2025-10-08 10:31:45,336 - antenna_pattern.spherical_expansion - INFO - 
Mode power distribution (first 10):
2025-10-08 10:31:45,336 - antenna_pattern.spherical_expansion - INFO -   n= 1: 3.807260e-07 ( 0.33%)
2025-10-08 10:31:45,336 - antenna_pattern.spherical_expansion - INFO -   n= 2: 1.021711e-06 ( 0.88%)
2025-10-08 10:31:45,336 - antenna_pattern.spherical_expansion - INFO -   n= 3: 1.921196e-06 ( 1.66%)
2025-10-08 10:31:45,336 - antenna_pattern.spherical_expansion - INFO -   n= 4: 3.069437e-06 ( 2.65%)
2025-10-08 10:31:45,336 - antenna_pattern.spherical_expansion - INFO -   n= 5: 4.357027e-06 ( 3.76%)
2025-10-08 10:31:45,336 - antenna_pattern.spherical_expansion - INFO -   n= 6: 5.642450e-06 ( 4.87%)
2025-10-08 10:31:45,336 - antenna_pattern.spherical_expansion - INFO -   n= 7: 6.865040e-06 ( 5.93%)
2025-10-08 10:31:45,336 - antenna_pattern.spherical_expansion - INFO -   n= 8: 7.949850e-06 ( 6.87%)
2025-10-08 10:31:45,343 - antenna_pattern.spherical_expansion - INFO -   n= 9: 8.705203e-06 ( 7.52%)
2025-10-08 10:31:45,343 - antenna_pattern.spherical_expansion - INFO -   n=10: 8.979707e-06 ( 7.76%)
2025-10-08 10:31:45,343 - antenna_pattern.spherical_expansion - INFO - 
Total power: 1.157546e-04
2025-10-08 10:31:45,343 - antenna_pattern.spherical_expansion - INFO - Power in first 10 modes: 42.2%
2025-10-08 10:31:45,343 - antenna_pattern.spherical_expansion - INFO - Power in last 10 modes: 0.5%
2025-10-08 10:31:45,343 - antenna_pattern.spherical_expansion - INFO - ======================================================================

2025-10-08 10:31:45,416 - antenna_pattern.spherical_expansion - INFO -   Power check: first 10 modes=42.2%, last 7 modes=0.4%
2025-10-08 10:31:45,416 - antenna_pattern.spherical_expansion - INFO - 
Convergence check:
2025-10-08 10:31:45,416 - antenna_pattern.spherical_expansion - INFO -   High-mode power fraction: 0.4%
2025-10-08 10:31:45,416 - antenna_pattern.spherical_expansion - INFO -   Threshold: 1.0%
2025-10-08 10:31:45,416 - antenna_pattern.spherical_expansion - INFO -   OK CONVERGED - Power distribution is good!
2025-10-08 10:31:45,416 - antenna_pattern.spherical_expansion - INFO - 
======================================================================
2025-10-08 10:31:45,430 - antenna_pattern.spherical_expansion - INFO - FINAL RESULTS
2025-10-08 10:31:45,430 - antenna_pattern.spherical_expansion - INFO - ======================================================================
2025-10-08 10:31:45,430 - antenna_pattern.spherical_expansion - INFO - Final radius: 0.3055 m (9.4 lambda)
2025-10-08 10:31:45,431 - antenna_pattern.spherical_expansion - INFO - Modes: N = 36 (from 72), M = 36
2025-10-08 10:31:45,431 - antenna_pattern.spherical_expansion - INFO - Power retained: 99.07%
2025-10-08 10:31:45,431 - antenna_pattern.spherical_expansion - INFO - Iterations: 1
2025-10-08 10:31:45,431 - antenna_pattern.spherical_expansion - INFO - Converged: Yes
2025-10-08 10:31:45,431 - antenna_pattern.spherical_expansion - INFO - ======================================================================

2025-10-08 10:31:45,431 - antenna_pattern.spherical_expansion - INFO - Added SWE coefficients to pattern for f=9.200 GHz
2025-10-08 10:31:45,431 - antenna_pattern.gui.swe_worker - INFO - SWE calculation complete
2025-10-08 10:33:48,554 - __main__ - INFO - Starting Antenna Pattern Analyzer GUI
2025-10-08 10:33:59,656 - antenna_pattern.gui.swe_worker - INFO - SWE worker thread started
2025-10-08 10:33:59,659 - antenna_pattern.spherical_expansion - INFO - Estimated antenna radius from beamwidth (11.0 deg):
2025-10-08 10:33:59,659 - antenna_pattern.spherical_expansion - INFO -   Aperture diameter: 0.2037 m (6.3 lambda)
2025-10-08 10:33:59,659 - antenna_pattern.spherical_expansion - INFO -   Minimum sphere radius: 0.3055 m (9.4 lambda)
2025-10-08 10:33:59,659 - antenna_pattern.spherical_expansion - INFO - 
======================================================================
2025-10-08 10:33:59,659 - antenna_pattern.spherical_expansion - INFO - ADAPTIVE SPHERICAL WAVE EXPANSION
2025-10-08 10:33:59,659 - antenna_pattern.spherical_expansion - INFO - ======================================================================
2025-10-08 10:33:59,659 - antenna_pattern.spherical_expansion - INFO - Initial radius: 0.3055 m (9.4 lambda)
2025-10-08 10:33:59,659 - antenna_pattern.spherical_expansion - INFO - 
======================================================================
2025-10-08 10:33:59,659 - antenna_pattern.spherical_expansion - INFO - ITERATION 1: r0 = 0.3055 m (9.4 lambda)
2025-10-08 10:33:59,659 - antenna_pattern.spherical_expansion - INFO - ======================================================================
2025-10-08 10:33:59,659 - antenna_pattern.spherical_expansion - INFO - 
======================================================================
2025-10-08 10:33:59,659 - antenna_pattern.spherical_expansion - INFO - Q-COEFFICIENT CALCULATION
2025-10-08 10:33:59,659 - antenna_pattern.spherical_expansion - INFO - ======================================================================
2025-10-08 10:33:59,659 - antenna_pattern.spherical_expansion - INFO - Frequency: 9.200 GHz (lambda = 32.59 mm)
2025-10-08 10:33:59,659 - antenna_pattern.spherical_expansion - INFO - Radius: 0.3055 m (9.4 lambda)
2025-10-08 10:33:59,659 - antenna_pattern.spherical_expansion - INFO - Mode indices: N = 72, M = 72
2025-10-08 10:33:59,659 - antenna_pattern.spherical_expansion - INFO - Preparing pattern for SWE...
2025-10-08 10:33:59,659 - antenna_pattern.spherical_expansion - INFO -   Converting central pattern [-45.0deg, 45.0deg] to sided
2025-10-08 10:33:59,672 - antenna_pattern.spherical_expansion - INFO -   Extending from theta=[0.0deg, 45.0deg] to full sphere
2025-10-08 10:33:59,678 - antenna_pattern.spherical_expansion - INFO - 
Sampling analysis for N=72:
2025-10-08 10:33:59,679 - antenna_pattern.spherical_expansion - INFO -   Required: dtheta <= 1.25°, dphi <= 2.50°
2025-10-08 10:33:59,679 - antenna_pattern.spherical_expansion - INFO -   Current:  dtheta = 0.99°, dphi = 2.00°
2025-10-08 10:33:59,679 - antenna_pattern.spherical_expansion - INFO -   Oversample factors: theta=0.79x, phi=0.80x
2025-10-08 10:33:59,679 - antenna_pattern.spherical_expansion - INFO -   OK Current sampling is optimal (close to Nyquist)
2025-10-08 10:33:59,680 - antenna_pattern.spherical_expansion - INFO - Fast computing Legendre polynomials (N=72, M=72)...
2025-10-08 10:34:12,067 - antenna_pattern.spherical_expansion - INFO -   Cached 200/2700 modes...
2025-10-08 10:34:24,782 - antenna_pattern.spherical_expansion - INFO -   Cached 400/2700 modes...
2025-10-08 10:34:37,427 - antenna_pattern.spherical_expansion - INFO -   Cached 600/2700 modes...
2025-10-08 10:34:50,124 - antenna_pattern.spherical_expansion - INFO -   Cached 800/2700 modes...
2025-10-08 10:35:02,597 - antenna_pattern.spherical_expansion - INFO -   Cached 1000/2700 modes...
2025-10-08 10:35:14,883 - antenna_pattern.spherical_expansion - INFO -   Cached 1200/2700 modes...
2025-10-08 10:35:27,373 - antenna_pattern.spherical_expansion - INFO -   Cached 1400/2700 modes...
2025-10-08 10:35:39,721 - antenna_pattern.spherical_expansion - INFO -   Cached 1600/2700 modes...
2025-10-08 10:35:51,573 - antenna_pattern.spherical_expansion - INFO -   Cached 1800/2700 modes...
2025-10-08 10:36:03,195 - antenna_pattern.spherical_expansion - INFO -   Cached 2000/2700 modes...
2025-10-08 10:36:14,731 - antenna_pattern.spherical_expansion - INFO -   Cached 2200/2700 modes...
2025-10-08 10:36:26,003 - antenna_pattern.spherical_expansion - INFO -   Cached 2400/2700 modes...
2025-10-08 10:36:36,969 - antenna_pattern.spherical_expansion - INFO -   Cached 2600/2700 modes...
2025-10-08 10:36:42,392 - antenna_pattern.spherical_expansion - INFO -   Cached 2700/2700 modes...
2025-10-08 10:36:42,392 - antenna_pattern.spherical_expansion - INFO - OK Cached 2700 Legendre polynomial pairs
2025-10-08 10:36:42,392 - antenna_pattern.spherical_expansion - INFO - Pre-computing spherical Hankel functions...
2025-10-08 10:36:42,403 - antenna_pattern.spherical_expansion - INFO - Extracting mode coefficients...
2025-10-08 10:36:42,555 - antenna_pattern.spherical_expansion - INFO -   Processed modes up to n=10 (120/10656)
2025-10-08 10:36:42,936 - antenna_pattern.spherical_expansion - INFO -   Processed modes up to n=20 (440/10656)
2025-10-08 10:36:43,568 - antenna_pattern.spherical_expansion - INFO -   Processed modes up to n=30 (960/10656)
2025-10-08 10:36:44,458 - antenna_pattern.spherical_expansion - INFO -   Processed modes up to n=40 (1680/10656)
2025-10-08 10:36:45,596 - antenna_pattern.spherical_expansion - INFO -   Processed modes up to n=50 (2600/10656)
2025-10-08 10:36:46,984 - antenna_pattern.spherical_expansion - INFO -   Processed modes up to n=60 (3720/10656)
2025-10-08 10:36:48,620 - antenna_pattern.spherical_expansion - INFO -   Processed modes up to n=70 (5040/10656)
2025-10-08 10:36:48,976 - antenna_pattern.spherical_expansion - INFO -   Processed modes up to n=72 (5328/10656)
2025-10-08 10:36:49,114 - antenna_pattern.spherical_expansion - INFO -   Processed modes up to n=10 (5448/10656)
2025-10-08 10:36:49,469 - antenna_pattern.spherical_expansion - INFO -   Processed modes up to n=20 (5768/10656)
2025-10-08 10:36:50,066 - antenna_pattern.spherical_expansion - INFO -   Processed modes up to n=30 (6288/10656)
2025-10-08 10:36:50,884 - antenna_pattern.spherical_expansion - INFO -   Processed modes up to n=40 (7008/10656)
2025-10-08 10:36:51,935 - antenna_pattern.spherical_expansion - INFO -   Processed modes up to n=50 (7928/10656)
2025-10-08 10:36:53,218 - antenna_pattern.spherical_expansion - INFO -   Processed modes up to n=60 (9048/10656)
2025-10-08 10:36:54,712 - antenna_pattern.spherical_expansion - INFO -   Processed modes up to n=70 (10368/10656)
2025-10-08 10:36:55,043 - antenna_pattern.spherical_expansion - INFO -   Processed modes up to n=72 (10656/10656)
2025-10-08 10:36:55,043 - antenna_pattern.spherical_expansion - INFO - 
Mode power distribution (first 10):
2025-10-08 10:36:55,043 - antenna_pattern.spherical_expansion - INFO -   n= 1: 3.807260e-07 ( 0.33%)
2025-10-08 10:36:55,043 - antenna_pattern.spherical_expansion - INFO -   n= 2: 1.021711e-06 ( 0.88%)
2025-10-08 10:36:55,043 - antenna_pattern.spherical_expansion - INFO -   n= 3: 1.921196e-06 ( 1.66%)
2025-10-08 10:36:55,043 - antenna_pattern.spherical_expansion - INFO -   n= 4: 3.069437e-06 ( 2.65%)
2025-10-08 10:36:55,043 - antenna_pattern.spherical_expansion - INFO -   n= 5: 4.357027e-06 ( 3.76%)
2025-10-08 10:36:55,043 - antenna_pattern.spherical_expansion - INFO -   n= 6: 5.642450e-06 ( 4.87%)
2025-10-08 10:36:55,043 - antenna_pattern.spherical_expansion - INFO -   n= 7: 6.865040e-06 ( 5.93%)
2025-10-08 10:36:55,043 - antenna_pattern.spherical_expansion - INFO -   n= 8: 7.949850e-06 ( 6.87%)
2025-10-08 10:36:55,043 - antenna_pattern.spherical_expansion - INFO -   n= 9: 8.705203e-06 ( 7.52%)
2025-10-08 10:36:55,043 - antenna_pattern.spherical_expansion - INFO -   n=10: 8.979707e-06 ( 7.76%)
2025-10-08 10:36:55,043 - antenna_pattern.spherical_expansion - INFO - 
Total power: 1.157546e-04
2025-10-08 10:36:55,043 - antenna_pattern.spherical_expansion - INFO - Power in first 10 modes: 42.2%
2025-10-08 10:36:55,043 - antenna_pattern.spherical_expansion - INFO - Power in last 10 modes: 0.5%
2025-10-08 10:36:55,043 - antenna_pattern.spherical_expansion - INFO - ======================================================================

2025-10-08 10:36:55,138 - antenna_pattern.spherical_expansion - INFO -   Power check: first 10 modes=42.2%, last 7 modes=0.4%
2025-10-08 10:36:55,138 - antenna_pattern.spherical_expansion - INFO - 
Convergence check:
2025-10-08 10:36:55,138 - antenna_pattern.spherical_expansion - INFO -   High-mode power fraction: 0.4%
2025-10-08 10:36:55,139 - antenna_pattern.spherical_expansion - INFO -   Threshold: 1.0%
2025-10-08 10:36:55,139 - antenna_pattern.spherical_expansion - INFO -   OK CONVERGED - Power distribution is good!
2025-10-08 10:36:55,139 - antenna_pattern.spherical_expansion - INFO - 
======================================================================
2025-10-08 10:36:55,139 - antenna_pattern.spherical_expansion - INFO - FINAL RESULTS
2025-10-08 10:36:55,139 - antenna_pattern.spherical_expansion - INFO - ======================================================================
2025-10-08 10:36:55,139 - antenna_pattern.spherical_expansion - INFO - Final radius: 0.3055 m (9.4 lambda)
2025-10-08 10:36:55,139 - antenna_pattern.spherical_expansion - INFO - Modes: N = 36 (from 72), M = 36
2025-10-08 10:36:55,139 - antenna_pattern.spherical_expansion - INFO - Power retained: 99.07%
2025-10-08 10:36:55,139 - antenna_pattern.spherical_expansion - INFO - Iterations: 1
2025-10-08 10:36:55,139 - antenna_pattern.spherical_expansion - INFO - Converged: Yes
2025-10-08 10:36:55,140 - antenna_pattern.spherical_expansion - INFO - ======================================================================

2025-10-08 10:36:55,140 - antenna_pattern.spherical_expansion - INFO - Added SWE coefficients to pattern for f=9.200 GHz
2025-10-08 10:36:55,140 - antenna_pattern.gui.swe_worker - INFO - SWE calculation complete
2025-10-08 11:09:27,927 - antenna_pattern.ant_io - INFO - Saving SWE data for 1 frequency(ies)
2025-10-08 11:09:27,985 - antenna_pattern.ant_io - INFO - Pattern saved to C:\Users\justin.long\Desktop\type3_teflon_SWE.npz
2025-10-08 11:09:46,719 - antenna_pattern.ant_io - INFO - Loaded SWE data for 1 frequency(ies)
2025-10-08 11:09:46,719 - antenna_pattern.ant_io - INFO - Pattern loaded from C:\Users\justin.long\Desktop\type3_teflon_SWE.npz
2025-10-08 11:09:52,743 - antenna_pattern.spherical_expansion - INFO - Evaluating field at 8281 points using 5256 modes...
